This is pdfTeX, Version 3.14159265-2.6-1.40.21 (TeX Live 2020) (preloaded format=pdflatex 2021.3.10)  20 APR 2024 17:25
entering extended mode
 restricted \write18 enabled.
 %&-line parsing enabled.
**1.tex
(./1.tex
LaTeX2e <2020-02-02> patch level 5
L3 programming layer <2020-03-06>
! Undefined control sequence.
l.1 	\bf
        {–û–±—â–∞—è –∫–æ–Ω–≤–∞ —Ç–∞–∫–æ–≤–∞:} —Å–ª–µ–¥—É–µ–º~\cite{alekseev}...
The control sequence at the end of the top line
of your error message was never \def'ed. If you have
misspelled it (e.g., `\hobx'), type `I' and the correct
spelling (e.g., `I\hbox'). Otherwise just continue,
and I'll forget about whatever was undefined.


! Package inputenc Error: Unicode character –û (U+041E)
(inputenc)                not set up for use with LaTeX.

See the inputenc package documentation for explanation.
Type  H <return>  for immediate help.
 ...                                              
                                                  
l.1 	\bf{–û
           –±—â–∞—è –∫–æ–Ω–≤–∞ —Ç–∞–∫–æ–≤–∞:} —Å–ª–µ–¥—É–µ–º~\cite{alekseev}...

You may provide a definition with
\DeclareUnicodeCharacter 


! Package inputenc Error: Unicode character –± (U+0431)
(inputenc)                not set up for use with LaTeX.

See the inputenc package documentation for explanation.
Type  H <return>  for immediate help.
 ...                                              
                                                  
l.1 	\bf{–û–±
             —â–∞—è –∫–æ–Ω–≤–∞ —Ç–∞–∫–æ–≤–∞:} —Å–ª–µ–¥—É–µ–º~\cite{alekseev}...

You may provide a definition with
\DeclareUnicodeCharacter 


! Package inputenc Error: Unicode character —â (U+0449)
(inputenc)                not set up for use with LaTeX.

See the inputenc package documentation for explanation.
Type  H <return>  for immediate help.
 ...                                              
                                                  
l.1 	\bf{–û–±—â
               –∞—è –∫–æ–Ω–≤–∞ —Ç–∞–∫–æ–≤–∞:} —Å–ª–µ–¥—É–µ–º~\cite{alekseev}...

You may provide a definition with
\DeclareUnicodeCharacter 


! Package inputenc Error: Unicode character –∞ (U+0430)
(inputenc)                not set up for use with LaTeX.

See the inputenc package documentation for explanation.
Type  H <return>  for immediate help.
 ...                                              
                                                  
l.1 	\bf{–û–±—â–∞
                 —è –∫–æ–Ω–≤–∞ —Ç–∞–∫–æ–≤–∞:} —Å–ª–µ–¥—É–µ–º~\cite{alekseev}...

You may provide a definition with
\DeclareUnicodeCharacter 


! Package inputenc Error: Unicode character —è (U+044F)
(inputenc)                not set up for use with LaTeX.

See the inputenc package documentation for explanation.
Type  H <return>  for immediate help.
 ...                                              
                                                  
l.1 	\bf{–û–±—â–∞—è
                    –∫–æ–Ω–≤–∞ —Ç–∞–∫–æ–≤–∞:} —Å–ª–µ–¥—É–µ–º~\cite{alekseev}...

You may provide a definition with
\DeclareUnicodeCharacter 


! Package inputenc Error: Unicode character –∫ (U+043A)
(inputenc)                not set up for use with LaTeX.

See the inputenc package documentation for explanation.
Type  H <return>  for immediate help.
 ...                                              
                                                  
l.1 	\bf{–û–±—â–∞—è –∫
                      –æ–Ω–≤–∞ —Ç–∞–∫–æ–≤–∞:} —Å–ª–µ–¥—É–µ–º~\cite{alekseev}...

You may provide a definition with
\DeclareUnicodeCharacter 


! Package inputenc Error: Unicode character –æ (U+043E)
(inputenc)                not set up for use with LaTeX.

See the inputenc package documentation for explanation.
Type  H <return>  for immediate help.
 ...                                              
                                                  
l.1 	\bf{–û–±—â–∞—è –∫–æ
                        –Ω–≤–∞ —Ç–∞–∫–æ–≤–∞:} —Å–ª–µ–¥—É–µ–º~\cite{alekseev}...

You may provide a definition with
\DeclareUnicodeCharacter 


! Package inputenc Error: Unicode character –Ω (U+043D)
(inputenc)                not set up for use with LaTeX.

See the inputenc package documentation for explanation.
Type  H <return>  for immediate help.
 ...                                              
                                                  
l.1 	\bf{–û–±—â–∞—è –∫–æ–Ω
                          –≤–∞ —Ç–∞–∫–æ–≤–∞:} —Å–ª–µ–¥—É–µ–º~\cite{alekseev}...

You may provide a definition with
\DeclareUnicodeCharacter 


! Package inputenc Error: Unicode character –≤ (U+0432)
(inputenc)                not set up for use with LaTeX.

See the inputenc package documentation for explanation.
Type  H <return>  for immediate help.
 ...                                              
                                                  
l.1 	\bf{–û–±—â–∞—è –∫–æ–Ω–≤
                            –∞ —Ç–∞–∫–æ–≤–∞:} —Å–ª–µ–¥—É–µ–º~\cite{alekseev}...

You may provide a definition with
\DeclareUnicodeCharacter 


! Package inputenc Error: Unicode character –∞ (U+0430)
(inputenc)                not set up for use with LaTeX.

See the inputenc package documentation for explanation.
Type  H <return>  for immediate help.
 ...                                              
                                                  
l.1 	\bf{–û–±—â–∞—è –∫–æ–Ω–≤–∞
                               —Ç–∞–∫–æ–≤–∞:} —Å–ª–µ–¥—É–µ–º~\cite{alekseev}...

You may provide a definition with
\DeclareUnicodeCharacter 


! Package inputenc Error: Unicode character —Ç (U+0442)
(inputenc)                not set up for use with LaTeX.

See the inputenc package documentation for explanation.
Type  H <return>  for immediate help.
 ...                                              
                                                  
l.1 	\bf{–û–±—â–∞—è –∫–æ–Ω–≤–∞ —Ç
                                 –∞–∫–æ–≤–∞:} —Å–ª–µ–¥—É–µ–º~\cite{alekseev}...

You may provide a definition with
\DeclareUnicodeCharacter 


! Package inputenc Error: Unicode character –∞ (U+0430)
(inputenc)                not set up for use with LaTeX.

See the inputenc package documentation for explanation.
Type  H <return>  for immediate help.
 ...                                              
                                                  
l.1 	\bf{–û–±—â–∞—è –∫–æ–Ω–≤–∞ —Ç–∞
                                   –∫–æ–≤–∞:} —Å–ª–µ–¥—É–µ–º~\cite{alekseev}...

You may provide a definition with
\DeclareUnicodeCharacter 


! Package inputenc Error: Unicode character –∫ (U+043A)
(inputenc)                not set up for use with LaTeX.

See the inputenc package documentation for explanation.
Type  H <return>  for immediate help.
 ...                                              
                                                  
l.1 	\bf{–û–±—â–∞—è –∫–æ–Ω–≤–∞ —Ç–∞–∫
                                     –æ–≤–∞:} —Å–ª–µ–¥—É–µ–º~\cite{alekseev}...

You may provide a definition with
\DeclareUnicodeCharacter 


! Package inputenc Error: Unicode character –æ (U+043E)
(inputenc)                not set up for use with LaTeX.

See the inputenc package documentation for explanation.
Type  H <return>  for immediate help.
 ...                                              
                                                  
l.1 	\bf{–û–±—â–∞—è –∫–æ–Ω–≤–∞ —Ç–∞–∫–æ
                                       –≤–∞:} —Å–ª–µ–¥—É–µ–º~\cite{alekseev}...

You may provide a definition with
\DeclareUnicodeCharacter 


! Package inputenc Error: Unicode character –≤ (U+0432)
(inputenc)                not set up for use with LaTeX.

See the inputenc package documentation for explanation.
Type  H <return>  for immediate help.
 ...                                              
                                                  
l.1 	\bf{–û–±—â–∞—è –∫–æ–Ω–≤–∞ —Ç–∞–∫–æ–≤
                                         –∞:} —Å–ª–µ–¥—É–µ–º~\cite{alekseev}...

You may provide a definition with
\DeclareUnicodeCharacter 


! Package inputenc Error: Unicode character –∞ (U+0430)
(inputenc)                not set up for use with LaTeX.

See the inputenc package documentation for explanation.
Type  H <return>  for immediate help.
 ...                                              
                                                  
l.1 	\bf{–û–±—â–∞—è –∫–æ–Ω–≤–∞ —Ç–∞–∫–æ–≤–∞
                                           :} —Å–ª–µ–¥—É–µ–º~\cite{alekseev}...

You may provide a definition with
\DeclareUnicodeCharacter 


! LaTeX Error: Missing \begin{document}.

See the LaTeX manual or LaTeX Companion for explanation.
Type  H <return>  for immediate help.
 ...                                              
                                                  
l.1 	\bf{–û–±—â–∞—è –∫–æ–Ω–≤–∞ —Ç–∞–∫–æ–≤–∞:
                                            } —Å–ª–µ–¥—É–µ–º~\cite{alekseev}...

You're in trouble here.  Try typing  <return>  to proceed.
If that doesn't work, type  X <return>  to quit.

Missing character: There is no : in font nullfont!

! Package inputenc Error: Unicode character —Å (U+0441)
(inputenc)                not set up for use with LaTeX.

See the inputenc package documentation for explanation.
Type  H <return>  for immediate help.
 ...                                              
                                                  
l.1 	\bf{–û–±—â–∞—è –∫–æ–Ω–≤–∞ —Ç–∞–∫–æ–≤–∞:} —Å
                                                –ª–µ–¥—É–µ–º~\cite{alekseev}...

You may provide a definition with
\DeclareUnicodeCharacter 


! Package inputenc Error: Unicode character –ª (U+043B)
(inputenc)                not set up for use with LaTeX.

See the inputenc package documentation for explanation.
Type  H <return>  for immediate help.
 ...                                              
                                                  
l.1 	\bf{–û–±—â–∞—è –∫–æ–Ω–≤–∞ —Ç–∞–∫–æ–≤–∞:} —Å–ª
                                                  –µ–¥—É–µ–º~\cite{alekseev}...

You may provide a definition with
\DeclareUnicodeCharacter 


! Package inputenc Error: Unicode character –µ (U+0435)
(inputenc)                not set up for use with LaTeX.

See the inputenc package documentation for explanation.
Type  H <return>  for immediate help.
 ...                                              
                                                  
l.1 ...–û–±—â–∞—è –∫–æ–Ω–≤–∞ —Ç–∞–∫–æ–≤–∞:} —Å–ª–µ
                                                  –¥—É–µ–º~\cite{alekseev}, ...

You may provide a definition with
\DeclareUnicodeCharacter 


! Package inputenc Error: Unicode character –¥ (U+0434)
(inputenc)                not set up for use with LaTeX.

See the inputenc package documentation for explanation.
Type  H <return>  for immediate help.
 ...                                              
                                                  
l.1 ...–±—â–∞—è –∫–æ–Ω–≤–∞ —Ç–∞–∫–æ–≤–∞:} —Å–ª–µ–¥
                                                  —É–µ–º~\cite{alekseev}, –¥...

You may provide a definition with
\DeclareUnicodeCharacter 


! Package inputenc Error: Unicode character —É (U+0443)
(inputenc)                not set up for use with LaTeX.

See the inputenc package documentation for explanation.
Type  H <return>  for immediate help.
 ...                                              
                                                  
l.1 ...—â–∞—è –∫–æ–Ω–≤–∞ —Ç–∞–∫–æ–≤–∞:} —Å–ª–µ–¥—É
                                                  –µ–º~\cite{alekseev}, –¥–æ...

You may provide a definition with
\DeclareUnicodeCharacter 


! Package inputenc Error: Unicode character –µ (U+0435)
(inputenc)                not set up for use with LaTeX.

See the inputenc package documentation for explanation.
Type  H <return>  for immediate help.
 ...                                              
                                                  
l.1 ...–∞—è –∫–æ–Ω–≤–∞ —Ç–∞–∫–æ–≤–∞:} —Å–ª–µ–¥—É–µ
                                                  –º~\cite{alekseev}, –¥–æ–±...

You may provide a definition with
\DeclareUnicodeCharacter 


! Package inputenc Error: Unicode character –º (U+043C)
(inputenc)                not set up for use with LaTeX.

See the inputenc package documentation for explanation.
Type  H <return>  for immediate help.
 ...                                              
                                                  
l.1 ...—è –∫–æ–Ω–≤–∞ —Ç–∞–∫–æ–≤–∞:} —Å–ª–µ–¥—É–µ–º
                                                  ~\cite{alekseev}, –¥–æ–±–∞...

You may provide a definition with
\DeclareUnicodeCharacter 

Missing character: There is no [ in font nullfont!
\citation{alekseev}
! Undefined control sequence.
<write> ...: Citation `\@citeb ' on page \thepage 
                                                  \space undefined\on@line .
l.1 ...–∞–∫–æ–≤–∞:} —Å–ª–µ–¥—É–µ–º~\cite{alekseev}
                                                  , –¥–æ–±–∞–≤–ª—è—è –Ω—É–∂–...
The control sequence at the end of the top line
of your error message was never \def'ed. If you have
misspelled it (e.g., `\hobx'), type `I' and the correct
spelling (e.g., `I\hbox'). Otherwise just continue,
and I'll forget about whatever was undefined.


LaTeX Warning: Citation `alekseev' on page  undefined on input line 1.

Missing character: There is no ] in font nullfont!
Missing character: There is no , in font nullfont!

! Package inputenc Error: Unicode character –¥ (U+0434)
(inputenc)                not set up for use with LaTeX.

See the inputenc package documentation for explanation.
Type  H <return>  for immediate help.
 ...                                              
                                                  
l.1 ...–æ–≤–∞:} —Å–ª–µ–¥—É–µ–º~\cite{alekseev}, –¥
                                                  –æ–±–∞–≤–ª—è—è –Ω—É–∂–Ω—ã–...

You may provide a definition with
\DeclareUnicodeCharacter 


! Package inputenc Error: Unicode character –æ (U+043E)
(inputenc)                not set up for use with LaTeX.

See the inputenc package documentation for explanation.
Type  H <return>  for immediate help.
 ...                                              
                                                  
l.1 ...–≤–∞:} —Å–ª–µ–¥—É–µ–º~\cite{alekseev}, –¥–æ
                                                  –±–∞–≤–ª—è—è –Ω—É–∂–Ω—ã–µ ...

You may provide a definition with
\DeclareUnicodeCharacter 


! Package inputenc Error: Unicode character –± (U+0431)
(inputenc)                not set up for use with LaTeX.

See the inputenc package documentation for explanation.
Type  H <return>  for immediate help.
 ...                                              
                                                  
l.1 ...–∞:} —Å–ª–µ–¥—É–µ–º~\cite{alekseev}, –¥–æ–±
                                                  –∞–≤–ª—è—è –Ω—É–∂–Ω—ã–µ –∫...

You may provide a definition with
\DeclareUnicodeCharacter 


! Package inputenc Error: Unicode character –∞ (U+0430)
(inputenc)                not set up for use with LaTeX.

See the inputenc package documentation for explanation.
Type  H <return>  for immediate help.
 ...                                              
                                                  
l.1 ...:} —Å–ª–µ–¥—É–µ–º~\cite{alekseev}, –¥–æ–±–∞
                                                  –≤–ª—è—è –Ω—É–∂–Ω—ã–µ –∫–æ...

You may provide a definition with
\DeclareUnicodeCharacter 


! Package inputenc Error: Unicode character –≤ (U+0432)
(inputenc)                not set up for use with LaTeX.

See the inputenc package documentation for explanation.
Type  H <return>  for immediate help.
 ...                                              
                                                  
l.1 ... —Å–ª–µ–¥—É–µ–º~\cite{alekseev}, –¥–æ–±–∞–≤
                                                  –ª—è—è –Ω—É–∂–Ω—ã–µ –∫–æ–Ω...

You may provide a definition with
\DeclareUnicodeCharacter 


! Package inputenc Error: Unicode character –ª (U+043B)
(inputenc)                not set up for use with LaTeX.

See the inputenc package documentation for explanation.
Type  H <return>  for immediate help.
 ...                                              
                                                  
l.1 ...Å–ª–µ–¥—É–µ–º~\cite{alekseev}, –¥–æ–±–∞–≤–ª
                                                  —è—è –Ω—É–∂–Ω—ã–µ –∫–æ–Ω–∫...

You may provide a definition with
\DeclareUnicodeCharacter 


! Package inputenc Error: Unicode character —è (U+044F)
(inputenc)                not set up for use with LaTeX.

See the inputenc package documentation for explanation.
Type  H <return>  for immediate help.
 ...                                              
                                                  
l.1 ...ª–µ–¥—É–µ–º~\cite{alekseev}, –¥–æ–±–∞–≤–ª—è
                                                  —è –Ω—É–∂–Ω—ã–µ –∫–æ–Ω–∫—Ä...

You may provide a definition with
\DeclareUnicodeCharacter 


! Package inputenc Error: Unicode character —è (U+044F)
(inputenc)                not set up for use with LaTeX.

See the inputenc package documentation for explanation.
Type  H <return>  for immediate help.
 ...                                              
                                                  
l.1 ...µ–¥—É–µ–º~\cite{alekseev}, –¥–æ–±–∞–≤–ª—è—è
                                                   –Ω—É–∂–Ω—ã–µ –∫–æ–Ω–∫—Ä–µ...

You may provide a definition with
\DeclareUnicodeCharacter 


! Package inputenc Error: Unicode character –Ω (U+043D)
(inputenc)                not set up for use with LaTeX.

See the inputenc package documentation for explanation.
Type  H <return>  for immediate help.
 ...                                              
                                                  
l.1 ...—É–µ–º~\cite{alekseev}, –¥–æ–±–∞–≤–ª—è—è –Ω
                                                  —É–∂–Ω—ã–µ –∫–æ–Ω–∫—Ä–µ—Ç–...

You may provide a definition with
\DeclareUnicodeCharacter 


! Package inputenc Error: Unicode character —É (U+0443)
(inputenc)                not set up for use with LaTeX.

See the inputenc package documentation for explanation.
Type  H <return>  for immediate help.
 ...                                              
                                                  
l.1 ...–µ–º~\cite{alekseev}, –¥–æ–±–∞–≤–ª—è—è –Ω—É
                                                  –∂–Ω—ã–µ –∫–æ–Ω–∫—Ä–µ—Ç–Ω–...

You may provide a definition with
\DeclareUnicodeCharacter 


! Package inputenc Error: Unicode character –∂ (U+0436)
(inputenc)                not set up for use with LaTeX.

See the inputenc package documentation for explanation.
Type  H <return>  for immediate help.
 ...                                              
                                                  
l.1 ...–º~\cite{alekseev}, –¥–æ–±–∞–≤–ª—è—è –Ω—É–∂
                                                  –Ω—ã–µ –∫–æ–Ω–∫—Ä–µ—Ç–Ω–æ ...

You may provide a definition with
\DeclareUnicodeCharacter 


! Package inputenc Error: Unicode character –Ω (U+043D)
(inputenc)                not set up for use with LaTeX.

See the inputenc package documentation for explanation.
Type  H <return>  for immediate help.
 ...                                              
                                                  
l.1 ...~\cite{alekseev}, –¥–æ–±–∞–≤–ª—è—è –Ω—É–∂–Ω
                                                  —ã–µ –∫–æ–Ω–∫—Ä–µ—Ç–Ω–æ –Ω...

You may provide a definition with
\DeclareUnicodeCharacter 


! Package inputenc Error: Unicode character —ã (U+044B)
(inputenc)                not set up for use with LaTeX.

See the inputenc package documentation for explanation.
Type  H <return>  for immediate help.
 ...                                              
                                                  
l.1 ...cite{alekseev}, –¥–æ–±–∞–≤–ª—è—è –Ω—É–∂–Ω—ã
                                                  –µ –∫–æ–Ω–∫—Ä–µ—Ç–Ω–æ –Ω–∞...

You may provide a definition with
\DeclareUnicodeCharacter 


! Package inputenc Error: Unicode character –µ (U+0435)
(inputenc)                not set up for use with LaTeX.

See the inputenc package documentation for explanation.
Type  H <return>  for immediate help.
 ...                                              
                                                  
l.1 ...te{alekseev}, –¥–æ–±–∞–≤–ª—è—è –Ω—É–∂–Ω—ã–µ
                                                   –∫–æ–Ω–∫—Ä–µ—Ç–Ω–æ –Ω–∞–º...

You may provide a definition with
\DeclareUnicodeCharacter 


! Package inputenc Error: Unicode character –∫ (U+043A)
(inputenc)                not set up for use with LaTeX.

See the inputenc package documentation for explanation.
Type  H <return>  for immediate help.
 ...                                              
                                                  
l.1 ...alekseev}, –¥–æ–±–∞–≤–ª—è—è –Ω—É–∂–Ω—ã–µ –∫
                                                  –æ–Ω–∫—Ä–µ—Ç–Ω–æ –Ω–∞–º –ø...

You may provide a definition with
\DeclareUnicodeCharacter 


! Package inputenc Error: Unicode character –æ (U+043E)
(inputenc)                not set up for use with LaTeX.

See the inputenc package documentation for explanation.
Type  H <return>  for immediate help.
 ...                                              
                                                  
l.1 ...ekseev}, –¥–æ–±–∞–≤–ª—è—è –Ω—É–∂–Ω—ã–µ –∫–æ
                                                  –Ω–∫—Ä–µ—Ç–Ω–æ –Ω–∞–º –ø—Ä...

You may provide a definition with
\DeclareUnicodeCharacter 


! Package inputenc Error: Unicode character –Ω (U+043D)
(inputenc)                not set up for use with LaTeX.

See the inputenc package documentation for explanation.
Type  H <return>  for immediate help.
 ...                                              
                                                  
l.1 ...seev}, –¥–æ–±–∞–≤–ª—è—è –Ω—É–∂–Ω—ã–µ –∫–æ–Ω
                                                  –∫—Ä–µ—Ç–Ω–æ –Ω–∞–º –ø—Ä–∏...

You may provide a definition with
\DeclareUnicodeCharacter 


! Package inputenc Error: Unicode character –∫ (U+043A)
(inputenc)                not set up for use with LaTeX.

See the inputenc package documentation for explanation.
Type  H <return>  for immediate help.
 ...                                              
                                                  
l.1 ...ev}, –¥–æ–±–∞–≤–ª—è—è –Ω—É–∂–Ω—ã–µ –∫–æ–Ω–∫
                                                  —Ä–µ—Ç–Ω–æ –Ω–∞–º –ø—Ä–∏–º...

You may provide a definition with
\DeclareUnicodeCharacter 


! Package inputenc Error: Unicode character —Ä (U+0440)
(inputenc)                not set up for use with LaTeX.

See the inputenc package documentation for explanation.
Type  H <return>  for immediate help.
 ...                                              
                                                  
l.1 ...}, –¥–æ–±–∞–≤–ª—è—è –Ω—É–∂–Ω—ã–µ –∫–æ–Ω–∫—Ä
                                                  –µ—Ç–Ω–æ –Ω–∞–º –ø—Ä–∏–º–µ...

You may provide a definition with
\DeclareUnicodeCharacter 


! Package inputenc Error: Unicode character –µ (U+0435)
(inputenc)                not set up for use with LaTeX.

See the inputenc package documentation for explanation.
Type  H <return>  for immediate help.
 ...                                              
                                                  
l.1 ... –¥–æ–±–∞–≤–ª—è—è –Ω—É–∂–Ω—ã–µ –∫–æ–Ω–∫—Ä–µ
                                                  —Ç–Ω–æ –Ω–∞–º –ø—Ä–∏–º–µ—Ä...

You may provide a definition with
\DeclareUnicodeCharacter 


! Package inputenc Error: Unicode character —Ç (U+0442)
(inputenc)                not set up for use with LaTeX.

See the inputenc package documentation for explanation.
Type  H <return>  for immediate help.
 ...                                              
                                                  
l.1 ...¥–æ–±–∞–≤–ª—è—è –Ω—É–∂–Ω—ã–µ –∫–æ–Ω–∫—Ä–µ—Ç
                                                  –Ω–æ –Ω–∞–º –ø—Ä–∏–º–µ—Ä—ã...

You may provide a definition with
\DeclareUnicodeCharacter 


! Package inputenc Error: Unicode character –Ω (U+043D)
(inputenc)                not set up for use with LaTeX.

See the inputenc package documentation for explanation.
Type  H <return>  for immediate help.
 ...                                              
                                                  
l.1 ...æ–±–∞–≤–ª—è—è –Ω—É–∂–Ω—ã–µ –∫–æ–Ω–∫—Ä–µ—Ç–Ω
                                                  –æ –Ω–∞–º –ø—Ä–∏–º–µ—Ä—ã. ...

You may provide a definition with
\DeclareUnicodeCharacter 


! Package inputenc Error: Unicode character –æ (U+043E)
(inputenc)                not set up for use with LaTeX.

See the inputenc package documentation for explanation.
Type  H <return>  for immediate help.
 ...                                              
                                                  
l.1 ...±–∞–≤–ª—è—è –Ω—É–∂–Ω—ã–µ –∫–æ–Ω–∫—Ä–µ—Ç–Ω–æ
                                                   –Ω–∞–º –ø—Ä–∏–º–µ—Ä—ã. –î...

You may provide a definition with
\DeclareUnicodeCharacter 


! Package inputenc Error: Unicode character –Ω (U+043D)
(inputenc)                not set up for use with LaTeX.

See the inputenc package documentation for explanation.
Type  H <return>  for immediate help.
 ...                                              
                                                  
l.1 ...–≤–ª—è—è –Ω—É–∂–Ω—ã–µ –∫–æ–Ω–∫—Ä–µ—Ç–Ω–æ –Ω
                                                  –∞–º –ø—Ä–∏–º–µ—Ä—ã. –î–µ–...

You may provide a definition with
\DeclareUnicodeCharacter 


! Package inputenc Error: Unicode character –∞ (U+0430)
(inputenc)                not set up for use with LaTeX.

See the inputenc package documentation for explanation.
Type  H <return>  for immediate help.
 ...                                              
                                                  
l.1 ...–ª—è—è –Ω—É–∂–Ω—ã–µ –∫–æ–Ω–∫—Ä–µ—Ç–Ω–æ –Ω–∞
                                                  –º –ø—Ä–∏–º–µ—Ä—ã. –î–µ–ª–...

You may provide a definition with
\DeclareUnicodeCharacter 


! Package inputenc Error: Unicode character –º (U+043C)
(inputenc)                not set up for use with LaTeX.

See the inputenc package documentation for explanation.
Type  H <return>  for immediate help.
 ...                                              
                                                  
l.1 ...—è—è –Ω—É–∂–Ω—ã–µ –∫–æ–Ω–∫—Ä–µ—Ç–Ω–æ –Ω–∞–º
                                                   –ø—Ä–∏–º–µ—Ä—ã. –î–µ–ª–∞–...

You may provide a definition with
\DeclareUnicodeCharacter 


! Package inputenc Error: Unicode character –ø (U+043F)
(inputenc)                not set up for use with LaTeX.

See the inputenc package documentation for explanation.
Type  H <return>  for immediate help.
 ...                                              
                                                  
l.1 ...è –Ω—É–∂–Ω—ã–µ –∫–æ–Ω–∫—Ä–µ—Ç–Ω–æ –Ω–∞–º –ø
                                                  —Ä–∏–º–µ—Ä—ã. –î–µ–ª–∞–µ–º...

You may provide a definition with
\DeclareUnicodeCharacter 


! Package inputenc Error: Unicode character —Ä (U+0440)
(inputenc)                not set up for use with LaTeX.

See the inputenc package documentation for explanation.
Type  H <return>  for immediate help.
 ...                                              
                                                  
l.1 ...–Ω—É–∂–Ω—ã–µ –∫–æ–Ω–∫—Ä–µ—Ç–Ω–æ –Ω–∞–º –ø—Ä
                                                  –∏–º–µ—Ä—ã. –î–µ–ª–∞–µ–º –...

You may provide a definition with
\DeclareUnicodeCharacter 


! Package inputenc Error: Unicode character –∏ (U+0438)
(inputenc)                not set up for use with LaTeX.

See the inputenc package documentation for explanation.
Type  H <return>  for immediate help.
 ...                                              
                                                  
l.1 ...—É–∂–Ω—ã–µ –∫–æ–Ω–∫—Ä–µ—Ç–Ω–æ –Ω–∞–º –ø—Ä–∏
                                                  –º–µ—Ä—ã. –î–µ–ª–∞–µ–º –º–...

You may provide a definition with
\DeclareUnicodeCharacter 


! Package inputenc Error: Unicode character –º (U+043C)
(inputenc)                not set up for use with LaTeX.

See the inputenc package documentation for explanation.
Type  H <return>  for immediate help.
 ...                                              
                                                  
l.1 ...–∂–Ω—ã–µ –∫–æ–Ω–∫—Ä–µ—Ç–Ω–æ –Ω–∞–º –ø—Ä–∏–º
                                                  –µ—Ä—ã. –î–µ–ª–∞–µ–º –º–æ—...

You may provide a definition with
\DeclareUnicodeCharacter 


! Package inputenc Error: Unicode character –µ (U+0435)
(inputenc)                not set up for use with LaTeX.

See the inputenc package documentation for explanation.
Type  H <return>  for immediate help.
 ...                                              
                                                  
l.1 ...–Ω—ã–µ –∫–æ–Ω–∫—Ä–µ—Ç–Ω–æ –Ω–∞–º –ø—Ä–∏–º–µ
                                                  —Ä—ã. –î–µ–ª–∞–µ–º –º–æ—â–...

You may provide a definition with
\DeclareUnicodeCharacter 


! Package inputenc Error: Unicode character —Ä (U+0440)
(inputenc)                not set up for use with LaTeX.

See the inputenc package documentation for explanation.
Type  H <return>  for immediate help.
 ...                                              
                                                  
l.1 ...—ã–µ –∫–æ–Ω–∫—Ä–µ—Ç–Ω–æ –Ω–∞–º –ø—Ä–∏–º–µ—Ä
                                                  —ã. –î–µ–ª–∞–µ–º –º–æ—â–Ω—...

You may provide a definition with
\DeclareUnicodeCharacter 


! Package inputenc Error: Unicode character —ã (U+044B)
(inputenc)                not set up for use with LaTeX.

See the inputenc package documentation for explanation.
Type  H <return>  for immediate help.
 ...                                              
                                                  
l.1 ...–µ –∫–æ–Ω–∫—Ä–µ—Ç–Ω–æ –Ω–∞–º –ø—Ä–∏–º–µ—Ä—ã
                                                  . –î–µ–ª–∞–µ–º –º–æ—â–Ω—ã–...

You may provide a definition with
\DeclareUnicodeCharacter 

Missing character: There is no . in font nullfont!

! Package inputenc Error: Unicode character –î (U+0414)
(inputenc)                not set up for use with LaTeX.

See the inputenc package documentation for explanation.
Type  H <return>  for immediate help.
 ...                                              
                                                  
l.1 ...∫–æ–Ω–∫—Ä–µ—Ç–Ω–æ –Ω–∞–º –ø—Ä–∏–º–µ—Ä—ã. –î
                                                  –µ–ª–∞–µ–º –º–æ—â–Ω—ã–π —É...

You may provide a definition with
\DeclareUnicodeCharacter 


! Package inputenc Error: Unicode character –µ (U+0435)
(inputenc)                not set up for use with LaTeX.

See the inputenc package documentation for explanation.
Type  H <return>  for immediate help.
 ...                                              
                                                  
l.1 ...æ–Ω–∫—Ä–µ—Ç–Ω–æ –Ω–∞–º –ø—Ä–∏–º–µ—Ä—ã. –î–µ
                                                  –ª–∞–µ–º –º–æ—â–Ω—ã–π —É–ø...

You may provide a definition with
\DeclareUnicodeCharacter 


! Package inputenc Error: Unicode character –ª (U+043B)
(inputenc)                not set up for use with LaTeX.

See the inputenc package documentation for explanation.
Type  H <return>  for immediate help.
 ...                                              
                                                  
l.1 ...Ω–∫—Ä–µ—Ç–Ω–æ –Ω–∞–º –ø—Ä–∏–º–µ—Ä—ã. –î–µ–ª
                                                  –∞–µ–º –º–æ—â–Ω—ã–π —É–ø–æ...

You may provide a definition with
\DeclareUnicodeCharacter 


! Package inputenc Error: Unicode character –∞ (U+0430)
(inputenc)                not set up for use with LaTeX.

See the inputenc package documentation for explanation.
Type  H <return>  for immediate help.
 ...                                              
                                                  
l.1 ...∫—Ä–µ—Ç–Ω–æ –Ω–∞–º –ø—Ä–∏–º–µ—Ä—ã. –î–µ–ª–∞
                                                  –µ–º –º–æ—â–Ω—ã–π —É–ø–æ—Ä...

You may provide a definition with
\DeclareUnicodeCharacter 


! Package inputenc Error: Unicode character –µ (U+0435)
(inputenc)                not set up for use with LaTeX.

See the inputenc package documentation for explanation.
Type  H <return>  for immediate help.
 ...                                              
                                                  
l.1 ...Ä–µ—Ç–Ω–æ –Ω–∞–º –ø—Ä–∏–º–µ—Ä—ã. –î–µ–ª–∞–µ
                                                  –º –º–æ—â–Ω—ã–π —É–ø–æ—Ä –...

You may provide a definition with
\DeclareUnicodeCharacter 


! Package inputenc Error: Unicode character –º (U+043C)
(inputenc)                not set up for use with LaTeX.

See the inputenc package documentation for explanation.
Type  H <return>  for immediate help.
 ...                                              
                                                  
l.1 ...µ—Ç–Ω–æ –Ω–∞–º –ø—Ä–∏–º–µ—Ä—ã. –î–µ–ª–∞–µ–º
                                                   –º–æ—â–Ω—ã–π —É–ø–æ—Ä –≤ ...

You may provide a definition with
\DeclareUnicodeCharacter 


! Package inputenc Error: Unicode character –º (U+043C)
(inputenc)                not set up for use with LaTeX.

See the inputenc package documentation for explanation.
Type  H <return>  for immediate help.
 ...                                              
                                                  
l.1 ...–Ω–æ –Ω–∞–º –ø—Ä–∏–º–µ—Ä—ã. –î–µ–ª–∞–µ–º –º
                                                  –æ—â–Ω—ã–π —É–ø–æ—Ä –≤ –¥–...

You may provide a definition with
\DeclareUnicodeCharacter 


! Package inputenc Error: Unicode character –æ (U+043E)
(inputenc)                not set up for use with LaTeX.

See the inputenc package documentation for explanation.
Type  H <return>  for immediate help.
 ...                                              
                                                  
l.1 ...–æ –Ω–∞–º –ø—Ä–∏–º–µ—Ä—ã. –î–µ–ª–∞–µ–º –º–æ
                                                  —â–Ω—ã–π —É–ø–æ—Ä –≤ –¥–µ–...

You may provide a definition with
\DeclareUnicodeCharacter 


! Package inputenc Error: Unicode character —â (U+0449)
(inputenc)                not set up for use with LaTeX.

See the inputenc package documentation for explanation.
Type  H <return>  for immediate help.
 ...                                              
                                                  
l.1 ... –Ω–∞–º –ø—Ä–∏–º–µ—Ä—ã. –î–µ–ª–∞–µ–º –º–æ—â
                                                  –Ω—ã–π —É–ø–æ—Ä –≤ –¥–µ–π—...

You may provide a definition with
\DeclareUnicodeCharacter 


! Package inputenc Error: Unicode character –Ω (U+043D)
(inputenc)                not set up for use with LaTeX.

See the inputenc package documentation for explanation.
Type  H <return>  for immediate help.
 ...                                              
                                                  
l.1 ...Ω–∞–º –ø—Ä–∏–º–µ—Ä—ã. –î–µ–ª–∞–µ–º –º–æ—â–Ω
                                                  —ã–π —É–ø–æ—Ä –≤ –¥–µ–π—Å—...

You may provide a definition with
\DeclareUnicodeCharacter 


! Package inputenc Error: Unicode character —ã (U+044B)
(inputenc)                not set up for use with LaTeX.

See the inputenc package documentation for explanation.
Type  H <return>  for immediate help.
 ...                                              
                                                  
l.1 ...∞–º –ø—Ä–∏–º–µ—Ä—ã. –î–µ–ª–∞–µ–º –º–æ—â–Ω—ã
                                                  –π —É–ø–æ—Ä –≤ –¥–µ–π—Å—Ç–...

You may provide a definition with
\DeclareUnicodeCharacter 


! Package inputenc Error: Unicode character –π (U+0439)
(inputenc)                not set up for use with LaTeX.

See the inputenc package documentation for explanation.
Type  H <return>  for immediate help.
 ...                                              
                                                  
l.1 ...º –ø—Ä–∏–º–µ—Ä—ã. –î–µ–ª–∞–µ–º –º–æ—â–Ω—ã–π
                                                   —É–ø–æ—Ä –≤ –¥–µ–π—Å—Ç–≤–∏–µ

You may provide a definition with
\DeclareUnicodeCharacter 


! Package inputenc Error: Unicode character —É (U+0443)
(inputenc)                not set up for use with LaTeX.

See the inputenc package documentation for explanation.
Type  H <return>  for immediate help.
 ...                                              
                                                  
l.1 ...ø—Ä–∏–º–µ—Ä—ã. –î–µ–ª–∞–µ–º –º–æ—â–Ω—ã–π —É
                                                  –ø–æ—Ä –≤ –¥–µ–π—Å—Ç–≤–∏–µ
You may provide a definition with
\DeclareUnicodeCharacter 


! Package inputenc Error: Unicode character –ø (U+043F)
(inputenc)                not set up for use with LaTeX.

See the inputenc package documentation for explanation.
Type  H <return>  for immediate help.
 ...                                              
                                                  
l.1 ...Ä–∏–º–µ—Ä—ã. –î–µ–ª–∞–µ–º –º–æ—â–Ω—ã–π —É–ø
                                                  –æ—Ä –≤ –¥–µ–π—Å—Ç–≤–∏–µ
You may provide a definition with
\DeclareUnicodeCharacter 


! Package inputenc Error: Unicode character –æ (U+043E)
(inputenc)                not set up for use with LaTeX.

See the inputenc package documentation for explanation.
Type  H <return>  for immediate help.
 ...                                              
                                                  
l.1 ...∏–º–µ—Ä—ã. –î–µ–ª–∞–µ–º –º–æ—â–Ω—ã–π —É–ø–æ
                                                  —Ä –≤ –¥–µ–π—Å—Ç–≤–∏–µ
You may provide a definition with
\DeclareUnicodeCharacter 


! Package inputenc Error: Unicode character —Ä (U+0440)
(inputenc)                not set up for use with LaTeX.

See the inputenc package documentation for explanation.
Type  H <return>  for immediate help.
 ...                                              
                                                  
l.1 ...º–µ—Ä—ã. –î–µ–ª–∞–µ–º –º–æ—â–Ω—ã–π —É–ø–æ—Ä
                                                   –≤ –¥–µ–π—Å—Ç–≤–∏–µ
You may provide a definition with
\DeclareUnicodeCharacter 


! Package inputenc Error: Unicode character –≤ (U+0432)
(inputenc)                not set up for use with LaTeX.

See the inputenc package documentation for explanation.
Type  H <return>  for immediate help.
 ...                                              
                                                  
l.1 ...—Ä—ã. –î–µ–ª–∞–µ–º –º–æ—â–Ω—ã–π —É–ø–æ—Ä –≤
                                                   –¥–µ–π—Å—Ç–≤–∏–µ
You may provide a definition with
\DeclareUnicodeCharacter 


! Package inputenc Error: Unicode character –¥ (U+0434)
(inputenc)                not set up for use with LaTeX.

See the inputenc package documentation for explanation.
Type  H <return>  for immediate help.
 ...                                              
                                                  
l.1 ...ã. –î–µ–ª–∞–µ–º –º–æ—â–Ω—ã–π —É–ø–æ—Ä –≤ –¥
                                                  –µ–π—Å—Ç–≤–∏–µ
You may provide a definition with
\DeclareUnicodeCharacter 


! Package inputenc Error: Unicode character –µ (U+0435)
(inputenc)                not set up for use with LaTeX.

See the inputenc package documentation for explanation.
Type  H <return>  for immediate help.
 ...                                              
                                                  
l.1 ... –î–µ–ª–∞–µ–º –º–æ—â–Ω—ã–π —É–ø–æ—Ä –≤ –¥–µ
                                                  –π—Å—Ç–≤–∏–µ
You may provide a definition with
\DeclareUnicodeCharacter 


! Package inputenc Error: Unicode character –π (U+0439)
(inputenc)                not set up for use with LaTeX.

See the inputenc package documentation for explanation.
Type  H <return>  for immediate help.
 ...                                              
                                                  
l.1 ...î–µ–ª–∞–µ–º –º–æ—â–Ω—ã–π —É–ø–æ—Ä –≤ –¥–µ–π
                                                  —Å—Ç–≤–∏–µ
You may provide a definition with
\DeclareUnicodeCharacter 


! Package inputenc Error: Unicode character —Å (U+0441)
(inputenc)                not set up for use with LaTeX.

See the inputenc package documentation for explanation.
Type  H <return>  for immediate help.
 ...                                              
                                                  
l.1 ...µ–ª–∞–µ–º –º–æ—â–Ω—ã–π —É–ø–æ—Ä –≤ –¥–µ–π—Å
                                                  —Ç–≤–∏–µ
You may provide a definition with
\DeclareUnicodeCharacter 


! Package inputenc Error: Unicode character —Ç (U+0442)
(inputenc)                not set up for use with LaTeX.

See the inputenc package documentation for explanation.
Type  H <return>  for immediate help.
 ...                                              
                                                  
l.1 ...ª–∞–µ–º –º–æ—â–Ω—ã–π —É–ø–æ—Ä –≤ –¥–µ–π—Å—Ç
                                                  –≤–∏–µ
You may provide a definition with
\DeclareUnicodeCharacter 


! Package inputenc Error: Unicode character –≤ (U+0432)
(inputenc)                not set up for use with LaTeX.

See the inputenc package documentation for explanation.
Type  H <return>  for immediate help.
 ...                                              
                                                  
l.1 ...∞–µ–º –º–æ—â–Ω—ã–π —É–ø–æ—Ä –≤ –¥–µ–π—Å—Ç–≤
                                                  –∏–µ
You may provide a definition with
\DeclareUnicodeCharacter 


! Package inputenc Error: Unicode character –∏ (U+0438)
(inputenc)                not set up for use with LaTeX.

See the inputenc package documentation for explanation.
Type  H <return>  for immediate help.
 ...                                              
                                                  
l.1 ...µ–º –º–æ—â–Ω—ã–π —É–ø–æ—Ä –≤ –¥–µ–π—Å—Ç–≤–∏
                                                  –µ
You may provide a definition with
\DeclareUnicodeCharacter 


! Package inputenc Error: Unicode character –µ (U+0435)
(inputenc)                not set up for use with LaTeX.

See the inputenc package documentation for explanation.
Type  H <return>  for immediate help.
 ...                                              
                                                  
l.1 ...º –º–æ—â–Ω—ã–π —É–ø–æ—Ä –≤ –¥–µ–π—Å—Ç–≤–∏–µ
                                                  
You may provide a definition with
\DeclareUnicodeCharacter 


Overfull \hbox (20.0pt too wide) in paragraph at lines 1--2
[]
 []


Overfull \hbox (5.43053pt too wide) in paragraph at lines 1--2
[]
 []

! Undefined control sequence.
l.3 	\subsection
                {–ü—Ä–µ–æ–±—Ä–∞–∑–æ–≤–∞–Ω–∏—è}
The control sequence at the end of the top line
of your error message was never \def'ed. If you have
misspelled it (e.g., `\hobx'), type `I' and the correct
spelling (e.g., `I\hbox'). Otherwise just continue,
and I'll forget about whatever was undefined.


! Package inputenc Error: Unicode character –ü (U+041F)
(inputenc)                not set up for use with LaTeX.

See the inputenc package documentation for explanation.
Type  H <return>  for immediate help.
 ...                                              
                                                  
l.3 	\subsection{–ü
                   —Ä–µ–æ–±—Ä–∞–∑–æ–≤–∞–Ω–∏—è}
You may provide a definition with
\DeclareUnicodeCharacter 


! Package inputenc Error: Unicode character —Ä (U+0440)
(inputenc)                not set up for use with LaTeX.

See the inputenc package documentation for explanation.
Type  H <return>  for immediate help.
 ...                                              
                                                  
l.3 	\subsection{–ü—Ä
                     –µ–æ–±—Ä–∞–∑–æ–≤–∞–Ω–∏—è}
You may provide a definition with
\DeclareUnicodeCharacter 


! Package inputenc Error: Unicode character –µ (U+0435)
(inputenc)                not set up for use with LaTeX.

See the inputenc package documentation for explanation.
Type  H <return>  for immediate help.
 ...                                              
                                                  
l.3 	\subsection{–ü—Ä–µ
                       –æ–±—Ä–∞–∑–æ–≤–∞–Ω–∏—è}
You may provide a definition with
\DeclareUnicodeCharacter 


! Package inputenc Error: Unicode character –æ (U+043E)
(inputenc)                not set up for use with LaTeX.

See the inputenc package documentation for explanation.
Type  H <return>  for immediate help.
 ...                                              
                                                  
l.3 	\subsection{–ü—Ä–µ–æ
                         –±—Ä–∞–∑–æ–≤–∞–Ω–∏—è}
You may provide a definition with
\DeclareUnicodeCharacter 


! Package inputenc Error: Unicode character –± (U+0431)
(inputenc)                not set up for use with LaTeX.

See the inputenc package documentation for explanation.
Type  H <return>  for immediate help.
 ...                                              
                                                  
l.3 	\subsection{–ü—Ä–µ–æ–±
                           —Ä–∞–∑–æ–≤–∞–Ω–∏—è}
You may provide a definition with
\DeclareUnicodeCharacter 


! Package inputenc Error: Unicode character —Ä (U+0440)
(inputenc)                not set up for use with LaTeX.

See the inputenc package documentation for explanation.
Type  H <return>  for immediate help.
 ...                                              
                                                  
l.3 	\subsection{–ü—Ä–µ–æ–±—Ä
                             –∞–∑–æ–≤–∞–Ω–∏—è}
You may provide a definition with
\DeclareUnicodeCharacter 


! Package inputenc Error: Unicode character –∞ (U+0430)
(inputenc)                not set up for use with LaTeX.

See the inputenc package documentation for explanation.
Type  H <return>  for immediate help.
 ...                                              
                                                  
l.3 	\subsection{–ü—Ä–µ–æ–±—Ä–∞
                               –∑–æ–≤–∞–Ω–∏—è}
You may provide a definition with
\DeclareUnicodeCharacter 


! Package inputenc Error: Unicode character –∑ (U+0437)
(inputenc)                not set up for use with LaTeX.

See the inputenc package documentation for explanation.
Type  H <return>  for immediate help.
 ...                                              
                                                  
l.3 	\subsection{–ü—Ä–µ–æ–±—Ä–∞–∑
                                 –æ–≤–∞–Ω–∏—è}
You may provide a definition with
\DeclareUnicodeCharacter 


! Package inputenc Error: Unicode character –æ (U+043E)
(inputenc)                not set up for use with LaTeX.

See the inputenc package documentation for explanation.
Type  H <return>  for immediate help.
 ...                                              
                                                  
l.3 	\subsection{–ü—Ä–µ–æ–±—Ä–∞–∑–æ
                                   –≤–∞–Ω–∏—è}
You may provide a definition with
\DeclareUnicodeCharacter 


! Package inputenc Error: Unicode character –≤ (U+0432)
(inputenc)                not set up for use with LaTeX.

See the inputenc package documentation for explanation.
Type  H <return>  for immediate help.
 ...                                              
                                                  
l.3 	\subsection{–ü—Ä–µ–æ–±—Ä–∞–∑–æ–≤
                                     –∞–Ω–∏—è}
You may provide a definition with
\DeclareUnicodeCharacter 


! Package inputenc Error: Unicode character –∞ (U+0430)
(inputenc)                not set up for use with LaTeX.

See the inputenc package documentation for explanation.
Type  H <return>  for immediate help.
 ...                                              
                                                  
l.3 	\subsection{–ü—Ä–µ–æ–±—Ä–∞–∑–æ–≤–∞
                                       –Ω–∏—è}
You may provide a definition with
\DeclareUnicodeCharacter 


! Package inputenc Error: Unicode character –Ω (U+043D)
(inputenc)                not set up for use with LaTeX.

See the inputenc package documentation for explanation.
Type  H <return>  for immediate help.
 ...                                              
                                                  
l.3 	\subsection{–ü—Ä–µ–æ–±—Ä–∞–∑–æ–≤–∞–Ω
                                         –∏—è}
You may provide a definition with
\DeclareUnicodeCharacter 


! Package inputenc Error: Unicode character –∏ (U+0438)
(inputenc)                not set up for use with LaTeX.

See the inputenc package documentation for explanation.
Type  H <return>  for immediate help.
 ...                                              
                                                  
l.3 	\subsection{–ü—Ä–µ–æ–±—Ä–∞–∑–æ–≤–∞–Ω–∏
                                           —è}
You may provide a definition with
\DeclareUnicodeCharacter 


! Package inputenc Error: Unicode character —è (U+044F)
(inputenc)                not set up for use with LaTeX.

See the inputenc package documentation for explanation.
Type  H <return>  for immediate help.
 ...                                              
                                                  
l.3 	\subsection{–ü—Ä–µ–æ–±—Ä–∞–∑–æ–≤–∞–Ω–∏—è
                                             }
You may provide a definition with
\DeclareUnicodeCharacter 


! LaTeX Error: Environment definition undefined.

See the LaTeX manual or LaTeX Companion for explanation.
Type  H <return>  for immediate help.
 ...                                              
                                                  
l.5 	\begin{definition}
                       
Your command was ignored.
Type  I <command> <return>  to replace it with another command,
or  <return>  to continue without it.


! Package inputenc Error: Unicode character –ü (U+041F)
(inputenc)                not set up for use with LaTeX.

See the inputenc package documentation for explanation.
Type  H <return>  for immediate help.
 ...                                              
                                                  
l.6 		–ü
        —É—Å—Ç—å $M$~--- –Ω–µ–∫–æ—Ç–æ—Ä–æ–µ –º–Ω–æ–∂–µ—Å—Ç–≤–æ —ç–ª–µ–º–µ–Ω—...

You may provide a definition with
\DeclareUnicodeCharacter 


! Package inputenc Error: Unicode character —É (U+0443)
(inputenc)                not set up for use with LaTeX.

See the inputenc package documentation for explanation.
Type  H <return>  for immediate help.
 ...                                              
                                                  
l.6 		–ü—É
          —Å—Ç—å $M$~--- –Ω–µ–∫–æ—Ç–æ—Ä–æ–µ –º–Ω–æ–∂–µ—Å—Ç–≤–æ —ç–ª–µ–º–µ–Ω—...

You may provide a definition with
\DeclareUnicodeCharacter 


! Package inputenc Error: Unicode character —Å (U+0441)
(inputenc)                not set up for use with LaTeX.

See the inputenc package documentation for explanation.
Type  H <return>  for immediate help.
 ...                                              
                                                  
l.6 		–ü—É—Å
            —Ç—å $M$~--- –Ω–µ–∫–æ—Ç–æ—Ä–æ–µ –º–Ω–æ–∂–µ—Å—Ç–≤–æ —ç–ª–µ–º–µ–Ω—...

You may provide a definition with
\DeclareUnicodeCharacter 


! Package inputenc Error: Unicode character —Ç (U+0442)
(inputenc)                not set up for use with LaTeX.

See the inputenc package documentation for explanation.
Type  H <return>  for immediate help.
 ...                                              
                                                  
l.6 		–ü—É—Å—Ç
              —å $M$~--- –Ω–µ–∫–æ—Ç–æ—Ä–æ–µ –º–Ω–æ–∂–µ—Å—Ç–≤–æ —ç–ª–µ–º–µ–Ω—...

You may provide a definition with
\DeclareUnicodeCharacter 


! Package inputenc Error: Unicode character —å (U+044C)
(inputenc)                not set up for use with LaTeX.

See the inputenc package documentation for explanation.
Type  H <return>  for immediate help.
 ...                                              
                                                  
l.6 		–ü—É—Å—Ç—å
                 $M$~--- –Ω–µ–∫–æ—Ç–æ—Ä–æ–µ –º–Ω–æ–∂–µ—Å—Ç–≤–æ —ç–ª–µ–º–µ–Ω—...

You may provide a definition with
\DeclareUnicodeCharacter 


! LaTeX Error: Missing \begin{document}.

See the LaTeX manual or LaTeX Companion for explanation.
Type  H <return>  for immediate help.
 ...                                              
                                                  
l.6 		–ü—É—Å—Ç—å $
                  M$~--- –Ω–µ–∫–æ—Ç–æ—Ä–æ–µ –º–Ω–æ–∂–µ—Å—Ç–≤–æ —ç–ª–µ–º–µ–Ω—...

You're in trouble here.  Try typing  <return>  to proceed.
If that doesn't work, type  X <return>  to quit.

LaTeX Font Info:    External font `cmex10' loaded for size
(Font)              <7> on input line 6.
LaTeX Font Info:    External font `cmex10' loaded for size
(Font)              <5> on input line 6.
Missing character: There is no - in font nullfont!
Missing character: There is no - in font nullfont!
Missing character: There is no - in font nullfont!

! Package inputenc Error: Unicode character –Ω (U+043D)
(inputenc)                not set up for use with LaTeX.

See the inputenc package documentation for explanation.
Type  H <return>  for immediate help.
 ...                                              
                                                  
l.6 		–ü—É—Å—Ç—å $M$~--- –Ω
                           –µ–∫–æ—Ç–æ—Ä–æ–µ –º–Ω–æ–∂–µ—Å—Ç–≤–æ —ç–ª–µ–º–µ–Ω—...

You may provide a definition with
\DeclareUnicodeCharacter 


! Package inputenc Error: Unicode character –µ (U+0435)
(inputenc)                not set up for use with LaTeX.

See the inputenc package documentation for explanation.
Type  H <return>  for immediate help.
 ...                                              
                                                  
l.6 		–ü—É—Å—Ç—å $M$~--- –Ω–µ
                             –∫–æ—Ç–æ—Ä–æ–µ –º–Ω–æ–∂–µ—Å—Ç–≤–æ —ç–ª–µ–º–µ–Ω—...

You may provide a definition with
\DeclareUnicodeCharacter 


! Package inputenc Error: Unicode character –∫ (U+043A)
(inputenc)                not set up for use with LaTeX.

See the inputenc package documentation for explanation.
Type  H <return>  for immediate help.
 ...                                              
                                                  
l.6 		–ü—É—Å—Ç—å $M$~--- –Ω–µ–∫
                               –æ—Ç–æ—Ä–æ–µ –º–Ω–æ–∂–µ—Å—Ç–≤–æ —ç–ª–µ–º–µ–Ω—...

You may provide a definition with
\DeclareUnicodeCharacter 


! Package inputenc Error: Unicode character –æ (U+043E)
(inputenc)                not set up for use with LaTeX.

See the inputenc package documentation for explanation.
Type  H <return>  for immediate help.
 ...                                              
                                                  
l.6 		–ü—É—Å—Ç—å $M$~--- –Ω–µ–∫–æ
                                 —Ç–æ—Ä–æ–µ –º–Ω–æ–∂–µ—Å—Ç–≤–æ —ç–ª–µ–º–µ–Ω—...

You may provide a definition with
\DeclareUnicodeCharacter 


! Package inputenc Error: Unicode character —Ç (U+0442)
(inputenc)                not set up for use with LaTeX.

See the inputenc package documentation for explanation.
Type  H <return>  for immediate help.
 ...                                              
                                                  
l.6 		–ü—É—Å—Ç—å $M$~--- –Ω–µ–∫–æ—Ç
                                   –æ—Ä–æ–µ –º–Ω–æ–∂–µ—Å—Ç–≤–æ —ç–ª–µ–º–µ–Ω—...

You may provide a definition with
\DeclareUnicodeCharacter 


! Package inputenc Error: Unicode character –æ (U+043E)
(inputenc)                not set up for use with LaTeX.

See the inputenc package documentation for explanation.
Type  H <return>  for immediate help.
 ...                                              
                                                  
l.6 		–ü—É—Å—Ç—å $M$~--- –Ω–µ–∫–æ—Ç–æ
                                     —Ä–æ–µ –º–Ω–æ–∂–µ—Å—Ç–≤–æ —ç–ª–µ–º–µ–Ω—...

You may provide a definition with
\DeclareUnicodeCharacter 


! Package inputenc Error: Unicode character —Ä (U+0440)
(inputenc)                not set up for use with LaTeX.

See the inputenc package documentation for explanation.
Type  H <return>  for immediate help.
 ...                                              
                                                  
l.6 		–ü—É—Å—Ç—å $M$~--- –Ω–µ–∫–æ—Ç–æ—Ä
                                       –æ–µ –º–Ω–æ–∂–µ—Å—Ç–≤–æ —ç–ª–µ–º–µ–Ω—...

You may provide a definition with
\DeclareUnicodeCharacter 


! Package inputenc Error: Unicode character –æ (U+043E)
(inputenc)                not set up for use with LaTeX.

See the inputenc package documentation for explanation.
Type  H <return>  for immediate help.
 ...                                              
                                                  
l.6 		–ü—É—Å—Ç—å $M$~--- –Ω–µ–∫–æ—Ç–æ—Ä–æ
                                         –µ –º–Ω–æ–∂–µ—Å—Ç–≤–æ —ç–ª–µ–º–µ–Ω—...

You may provide a definition with
\DeclareUnicodeCharacter 


! Package inputenc Error: Unicode character –µ (U+0435)
(inputenc)                not set up for use with LaTeX.

See the inputenc package documentation for explanation.
Type  H <return>  for immediate help.
 ...                                              
                                                  
l.6 		–ü—É—Å—Ç—å $M$~--- –Ω–µ–∫–æ—Ç–æ—Ä–æ–µ
                                            –º–Ω–æ–∂–µ—Å—Ç–≤–æ —ç–ª–µ–º–µ–Ω—...

You may provide a definition with
\DeclareUnicodeCharacter 


! Package inputenc Error: Unicode character –º (U+043C)
(inputenc)                not set up for use with LaTeX.

See the inputenc package documentation for explanation.
Type  H <return>  for immediate help.
 ...                                              
                                                  
l.6 		–ü—É—Å—Ç—å $M$~--- –Ω–µ–∫–æ—Ç–æ—Ä–æ–µ –º
                                              –Ω–æ–∂–µ—Å—Ç–≤–æ —ç–ª–µ–º–µ–Ω—...

You may provide a definition with
\DeclareUnicodeCharacter 


! Package inputenc Error: Unicode character –Ω (U+043D)
(inputenc)                not set up for use with LaTeX.

See the inputenc package documentation for explanation.
Type  H <return>  for immediate help.
 ...                                              
                                                  
l.6 		–ü—É—Å—Ç—å $M$~--- –Ω–µ–∫–æ—Ç–æ—Ä–æ–µ –º–Ω
                                                –æ–∂–µ—Å—Ç–≤–æ —ç–ª–µ–º–µ–Ω—...

You may provide a definition with
\DeclareUnicodeCharacter 


! Package inputenc Error: Unicode character –æ (U+043E)
(inputenc)                not set up for use with LaTeX.

See the inputenc package documentation for explanation.
Type  H <return>  for immediate help.
 ...                                              
                                                  
l.6 		–ü—É—Å—Ç—å $M$~--- –Ω–µ–∫–æ—Ç–æ—Ä–æ–µ –º–Ω–æ
                                                  –∂–µ—Å—Ç–≤–æ —ç–ª–µ–º–µ–Ω—...

You may provide a definition with
\DeclareUnicodeCharacter 


! Package inputenc Error: Unicode character –∂ (U+0436)
(inputenc)                not set up for use with LaTeX.

See the inputenc package documentation for explanation.
Type  H <return>  for immediate help.
 ...                                              
                                                  
l.6 ...É—Å—Ç—å $M$~--- –Ω–µ–∫–æ—Ç–æ—Ä–æ–µ –º–Ω–æ–∂
                                                  –µ—Å—Ç–≤–æ —ç–ª–µ–º–µ–Ω—Ç–...

You may provide a definition with
\DeclareUnicodeCharacter 


! Package inputenc Error: Unicode character –µ (U+0435)
(inputenc)                not set up for use with LaTeX.

See the inputenc package documentation for explanation.
Type  H <return>  for immediate help.
 ...                                              
                                                  
l.6 ...Å—Ç—å $M$~--- –Ω–µ–∫–æ—Ç–æ—Ä–æ–µ –º–Ω–æ–∂–µ
                                                  —Å—Ç–≤–æ —ç–ª–µ–º–µ–Ω—Ç–æ–...

You may provide a definition with
\DeclareUnicodeCharacter 


! Package inputenc Error: Unicode character —Å (U+0441)
(inputenc)                not set up for use with LaTeX.

See the inputenc package documentation for explanation.
Type  H <return>  for immediate help.
 ...                                              
                                                  
l.6 ...Ç—å $M$~--- –Ω–µ–∫–æ—Ç–æ—Ä–æ–µ –º–Ω–æ–∂–µ—Å
                                                  —Ç–≤–æ —ç–ª–µ–º–µ–Ω—Ç–æ–≤ ...

You may provide a definition with
\DeclareUnicodeCharacter 


! Package inputenc Error: Unicode character —Ç (U+0442)
(inputenc)                not set up for use with LaTeX.

See the inputenc package documentation for explanation.
Type  H <return>  for immediate help.
 ...                                              
                                                  
l.6 ...å $M$~--- –Ω–µ–∫–æ—Ç–æ—Ä–æ–µ –º–Ω–æ–∂–µ—Å—Ç
                                                  –≤–æ —ç–ª–µ–º–µ–Ω—Ç–æ–≤ –ø...

You may provide a definition with
\DeclareUnicodeCharacter 


! Package inputenc Error: Unicode character –≤ (U+0432)
(inputenc)                not set up for use with LaTeX.

See the inputenc package documentation for explanation.
Type  H <return>  for immediate help.
 ...                                              
                                                  
l.6 ...$M$~--- –Ω–µ–∫–æ—Ç–æ—Ä–æ–µ –º–Ω–æ–∂–µ—Å—Ç–≤
                                                  –æ —ç–ª–µ–º–µ–Ω—Ç–æ–≤ –ø—Ä...

You may provide a definition with
\DeclareUnicodeCharacter 


! Package inputenc Error: Unicode character –æ (U+043E)
(inputenc)                not set up for use with LaTeX.

See the inputenc package documentation for explanation.
Type  H <return>  for immediate help.
 ...                                              
                                                  
l.6 ...$~--- –Ω–µ–∫–æ—Ç–æ—Ä–æ–µ –º–Ω–æ–∂–µ—Å—Ç–≤–æ
                                                   —ç–ª–µ–º–µ–Ω—Ç–æ–≤ –ø—Ä–æ...

You may provide a definition with
\DeclareUnicodeCharacter 


! Package inputenc Error: Unicode character —ç (U+044D)
(inputenc)                not set up for use with LaTeX.

See the inputenc package documentation for explanation.
Type  H <return>  for immediate help.
 ...                                              
                                                  
l.6 ...-- –Ω–µ–∫–æ—Ç–æ—Ä–æ–µ –º–Ω–æ–∂–µ—Å—Ç–≤–æ —ç
                                                  –ª–µ–º–µ–Ω—Ç–æ–≤ –ø—Ä–æ–∏–...

You may provide a definition with
\DeclareUnicodeCharacter 


! Package inputenc Error: Unicode character –ª (U+043B)
(inputenc)                not set up for use with LaTeX.

See the inputenc package documentation for explanation.
Type  H <return>  for immediate help.
 ...                                              
                                                  
l.6 ... –Ω–µ–∫–æ—Ç–æ—Ä–æ–µ –º–Ω–æ–∂–µ—Å—Ç–≤–æ —ç–ª
                                                  –µ–º–µ–Ω—Ç–æ–≤ –ø—Ä–æ–∏–∑–...

You may provide a definition with
\DeclareUnicodeCharacter 


! Package inputenc Error: Unicode character –µ (U+0435)
(inputenc)                not set up for use with LaTeX.

See the inputenc package documentation for explanation.
Type  H <return>  for immediate help.
 ...                                              
                                                  
l.6 ...Ω–µ–∫–æ—Ç–æ—Ä–æ–µ –º–Ω–æ–∂–µ—Å—Ç–≤–æ —ç–ª–µ
                                                  –º–µ–Ω—Ç–æ–≤ –ø—Ä–æ–∏–∑–≤–...

You may provide a definition with
\DeclareUnicodeCharacter 


! Package inputenc Error: Unicode character –º (U+043C)
(inputenc)                not set up for use with LaTeX.

See the inputenc package documentation for explanation.
Type  H <return>  for immediate help.
 ...                                              
                                                  
l.6 ...µ–∫–æ—Ç–æ—Ä–æ–µ –º–Ω–æ–∂–µ—Å—Ç–≤–æ —ç–ª–µ–º
                                                  –µ–Ω—Ç–æ–≤ –ø—Ä–æ–∏–∑–≤–æ–...

You may provide a definition with
\DeclareUnicodeCharacter 


! Package inputenc Error: Unicode character –µ (U+0435)
(inputenc)                not set up for use with LaTeX.

See the inputenc package documentation for explanation.
Type  H <return>  for immediate help.
 ...                                              
                                                  
l.6 ...∫–æ—Ç–æ—Ä–æ–µ –º–Ω–æ–∂–µ—Å—Ç–≤–æ —ç–ª–µ–º–µ
                                                  –Ω—Ç–æ–≤ –ø—Ä–æ–∏–∑–≤–æ–ª—...

You may provide a definition with
\DeclareUnicodeCharacter 


! Package inputenc Error: Unicode character –Ω (U+043D)
(inputenc)                not set up for use with LaTeX.

See the inputenc package documentation for explanation.
Type  H <return>  for immediate help.
 ...                                              
                                                  
l.6 ...æ—Ç–æ—Ä–æ–µ –º–Ω–æ–∂–µ—Å—Ç–≤–æ —ç–ª–µ–º–µ–Ω
                                                  —Ç–æ–≤ –ø—Ä–æ–∏–∑–≤–æ–ª—å–...

You may provide a definition with
\DeclareUnicodeCharacter 


! Package inputenc Error: Unicode character —Ç (U+0442)
(inputenc)                not set up for use with LaTeX.

See the inputenc package documentation for explanation.
Type  H <return>  for immediate help.
 ...                                              
                                                  
l.6 ...Ç–æ—Ä–æ–µ –º–Ω–æ–∂–µ—Å—Ç–≤–æ —ç–ª–µ–º–µ–Ω—Ç
                                                  –æ–≤ –ø—Ä–æ–∏–∑–≤–æ–ª—å–Ω–...

You may provide a definition with
\DeclareUnicodeCharacter 


! Package inputenc Error: Unicode character –æ (U+043E)
(inputenc)                not set up for use with LaTeX.

See the inputenc package documentation for explanation.
Type  H <return>  for immediate help.
 ...                                              
                                                  
l.6 ...æ—Ä–æ–µ –º–Ω–æ–∂–µ—Å—Ç–≤–æ —ç–ª–µ–º–µ–Ω—Ç–æ
                                                  –≤ –ø—Ä–æ–∏–∑–≤–æ–ª—å–Ω–æ–...

You may provide a definition with
\DeclareUnicodeCharacter 


! Package inputenc Error: Unicode character –≤ (U+0432)
(inputenc)                not set up for use with LaTeX.

See the inputenc package documentation for explanation.
Type  H <return>  for immediate help.
 ...                                              
                                                  
l.6 ...Ä–æ–µ –º–Ω–æ–∂–µ—Å—Ç–≤–æ —ç–ª–µ–º–µ–Ω—Ç–æ–≤
                                                   –ø—Ä–æ–∏–∑–≤–æ–ª—å–Ω–æ–π ...

You may provide a definition with
\DeclareUnicodeCharacter 


! Package inputenc Error: Unicode character –ø (U+043F)
(inputenc)                not set up for use with LaTeX.

See the inputenc package documentation for explanation.
Type  H <return>  for immediate help.
 ...                                              
                                                  
l.6 ...–µ –º–Ω–æ–∂–µ—Å—Ç–≤–æ —ç–ª–µ–º–µ–Ω—Ç–æ–≤ –ø
                                                  —Ä–æ–∏–∑–≤–æ–ª—å–Ω–æ–π –ø—...

You may provide a definition with
\DeclareUnicodeCharacter 


! Package inputenc Error: Unicode character —Ä (U+0440)
(inputenc)                not set up for use with LaTeX.

See the inputenc package documentation for explanation.
Type  H <return>  for immediate help.
 ...                                              
                                                  
l.6 ... –º–Ω–æ–∂–µ—Å—Ç–≤–æ —ç–ª–µ–º–µ–Ω—Ç–æ–≤ –ø—Ä
                                                  –æ–∏–∑–≤–æ–ª—å–Ω–æ–π –ø—Ä–...

You may provide a definition with
\DeclareUnicodeCharacter 


! Package inputenc Error: Unicode character –æ (U+043E)
(inputenc)                not set up for use with LaTeX.

See the inputenc package documentation for explanation.
Type  H <return>  for immediate help.
 ...                                              
                                                  
l.6 ...º–Ω–æ–∂–µ—Å—Ç–≤–æ —ç–ª–µ–º–µ–Ω—Ç–æ–≤ –ø—Ä–æ
                                                  –∏–∑–≤–æ–ª—å–Ω–æ–π –ø—Ä–∏—...

You may provide a definition with
\DeclareUnicodeCharacter 


! Package inputenc Error: Unicode character –∏ (U+0438)
(inputenc)                not set up for use with LaTeX.

See the inputenc package documentation for explanation.
Type  H <return>  for immediate help.
 ...                                              
                                                  
l.6 ...Ω–æ–∂–µ—Å—Ç–≤–æ —ç–ª–µ–º–µ–Ω—Ç–æ–≤ –ø—Ä–æ–∏
                                                  –∑–≤–æ–ª—å–Ω–æ–π –ø—Ä–∏—Ä–...

You may provide a definition with
\DeclareUnicodeCharacter 


! Package inputenc Error: Unicode character –∑ (U+0437)
(inputenc)                not set up for use with LaTeX.

See the inputenc package documentation for explanation.
Type  H <return>  for immediate help.
 ...                                              
                                                  
l.6 ...æ–∂–µ—Å—Ç–≤–æ —ç–ª–µ–º–µ–Ω—Ç–æ–≤ –ø—Ä–æ–∏–∑
                                                  –≤–æ–ª—å–Ω–æ–π –ø—Ä–∏—Ä–æ–...

You may provide a definition with
\DeclareUnicodeCharacter 


! Package inputenc Error: Unicode character –≤ (U+0432)
(inputenc)                not set up for use with LaTeX.

See the inputenc package documentation for explanation.
Type  H <return>  for immediate help.
 ...                                              
                                                  
l.6 ...∂–µ—Å—Ç–≤–æ —ç–ª–µ–º–µ–Ω—Ç–æ–≤ –ø—Ä–æ–∏–∑–≤
                                                  –æ–ª—å–Ω–æ–π –ø—Ä–∏—Ä–æ–¥—...

You may provide a definition with
\DeclareUnicodeCharacter 


! Package inputenc Error: Unicode character –æ (U+043E)
(inputenc)                not set up for use with LaTeX.

See the inputenc package documentation for explanation.
Type  H <return>  for immediate help.
 ...                                              
                                                  
l.6 ...µ—Å—Ç–≤–æ —ç–ª–µ–º–µ–Ω—Ç–æ–≤ –ø—Ä–æ–∏–∑–≤–æ
                                                  –ª—å–Ω–æ–π –ø—Ä–∏—Ä–æ–¥—ã....

You may provide a definition with
\DeclareUnicodeCharacter 


! Package inputenc Error: Unicode character –ª (U+043B)
(inputenc)                not set up for use with LaTeX.

See the inputenc package documentation for explanation.
Type  H <return>  for immediate help.
 ...                                              
                                                  
l.6 ...Å—Ç–≤–æ —ç–ª–µ–º–µ–Ω—Ç–æ–≤ –ø—Ä–æ–∏–∑–≤–æ–ª
                                                  —å–Ω–æ–π –ø—Ä–∏—Ä–æ–¥—ã. –...

You may provide a definition with
\DeclareUnicodeCharacter 


! Package inputenc Error: Unicode character —å (U+044C)
(inputenc)                not set up for use with LaTeX.

See the inputenc package documentation for explanation.
Type  H <return>  for immediate help.
 ...                                              
                                                  
l.6 ...Ç–≤–æ —ç–ª–µ–º–µ–Ω—Ç–æ–≤ –ø—Ä–æ–∏–∑–≤–æ–ª—å
                                                  –Ω–æ–π –ø—Ä–∏—Ä–æ–¥—ã. –ï—...

You may provide a definition with
\DeclareUnicodeCharacter 


! Package inputenc Error: Unicode character –Ω (U+043D)
(inputenc)                not set up for use with LaTeX.

See the inputenc package documentation for explanation.
Type  H <return>  for immediate help.
 ...                                              
                                                  
l.6 ...≤–æ —ç–ª–µ–º–µ–Ω—Ç–æ–≤ –ø—Ä–æ–∏–∑–≤–æ–ª—å–Ω
                                                  –æ–π –ø—Ä–∏—Ä–æ–¥—ã. –ï—Å–...

You may provide a definition with
\DeclareUnicodeCharacter 


! Package inputenc Error: Unicode character –æ (U+043E)
(inputenc)                not set up for use with LaTeX.

See the inputenc package documentation for explanation.
Type  H <return>  for immediate help.
 ...                                              
                                                  
l.6 ...æ —ç–ª–µ–º–µ–Ω—Ç–æ–≤ –ø—Ä–æ–∏–∑–≤–æ–ª—å–Ω–æ
                                                  –π –ø—Ä–∏—Ä–æ–¥—ã. –ï—Å–ª–...

You may provide a definition with
\DeclareUnicodeCharacter 


! Package inputenc Error: Unicode character –π (U+0439)
(inputenc)                not set up for use with LaTeX.

See the inputenc package documentation for explanation.
Type  H <return>  for immediate help.
 ...                                              
                                                  
l.6 ...—ç–ª–µ–º–µ–Ω—Ç–æ–≤ –ø—Ä–æ–∏–∑–≤–æ–ª—å–Ω–æ–π
                                                   –ø—Ä–∏—Ä–æ–¥—ã. –ï—Å–ª–∏ ...

You may provide a definition with
\DeclareUnicodeCharacter 


! Package inputenc Error: Unicode character –ø (U+043F)
(inputenc)                not set up for use with LaTeX.

See the inputenc package documentation for explanation.
Type  H <return>  for immediate help.
 ...                                              
                                                  
l.6 ...ª–µ–º–µ–Ω—Ç–æ–≤ –ø—Ä–æ–∏–∑–≤–æ–ª—å–Ω–æ–π –ø
                                                  —Ä–∏—Ä–æ–¥—ã. –ï—Å–ª–∏ –∫–...

You may provide a definition with
\DeclareUnicodeCharacter 


! Package inputenc Error: Unicode character —Ä (U+0440)
(inputenc)                not set up for use with LaTeX.

See the inputenc package documentation for explanation.
Type  H <return>  for immediate help.
 ...                                              
                                                  
l.6 ...µ–º–µ–Ω—Ç–æ–≤ –ø—Ä–æ–∏–∑–≤–æ–ª—å–Ω–æ–π –ø—Ä
                                                  –∏—Ä–æ–¥—ã. –ï—Å–ª–∏ –∫–∞–...

You may provide a definition with
\DeclareUnicodeCharacter 


! Package inputenc Error: Unicode character –∏ (U+0438)
(inputenc)                not set up for use with LaTeX.

See the inputenc package documentation for explanation.
Type  H <return>  for immediate help.
 ...                                              
                                                  
l.6 ...º–µ–Ω—Ç–æ–≤ –ø—Ä–æ–∏–∑–≤–æ–ª—å–Ω–æ–π –ø—Ä–∏
                                                  —Ä–æ–¥—ã. –ï—Å–ª–∏ –∫–∞–∂–...

You may provide a definition with
\DeclareUnicodeCharacter 


! Package inputenc Error: Unicode character —Ä (U+0440)
(inputenc)                not set up for use with LaTeX.

See the inputenc package documentation for explanation.
Type  H <return>  for immediate help.
 ...                                              
                                                  
l.6 ...µ–Ω—Ç–æ–≤ –ø—Ä–æ–∏–∑–≤–æ–ª—å–Ω–æ–π –ø—Ä–∏—Ä
                                                  –æ–¥—ã. –ï—Å–ª–∏ –∫–∞–∂–¥–...

You may provide a definition with
\DeclareUnicodeCharacter 


! Package inputenc Error: Unicode character –æ (U+043E)
(inputenc)                not set up for use with LaTeX.

See the inputenc package documentation for explanation.
Type  H <return>  for immediate help.
 ...                                              
                                                  
l.6 ...Ω—Ç–æ–≤ –ø—Ä–æ–∏–∑–≤–æ–ª—å–Ω–æ–π –ø—Ä–∏—Ä–æ
                                                  –¥—ã. –ï—Å–ª–∏ –∫–∞–∂–¥–æ–...

You may provide a definition with
\DeclareUnicodeCharacter 


! Package inputenc Error: Unicode character –¥ (U+0434)
(inputenc)                not set up for use with LaTeX.

See the inputenc package documentation for explanation.
Type  H <return>  for immediate help.
 ...                                              
                                                  
l.6 ...Ç–æ–≤ –ø—Ä–æ–∏–∑–≤–æ–ª—å–Ω–æ–π –ø—Ä–∏—Ä–æ–¥
                                                  —ã. –ï—Å–ª–∏ –∫–∞–∂–¥–æ–π ...

You may provide a definition with
\DeclareUnicodeCharacter 


! Package inputenc Error: Unicode character —ã (U+044B)
(inputenc)                not set up for use with LaTeX.

See the inputenc package documentation for explanation.
Type  H <return>  for immediate help.
 ...                                              
                                                  
l.6 ...æ–≤ –ø—Ä–æ–∏–∑–≤–æ–ª—å–Ω–æ–π –ø—Ä–∏—Ä–æ–¥—ã
                                                  . –ï—Å–ª–∏ –∫–∞–∂–¥–æ–π —É...

You may provide a definition with
\DeclareUnicodeCharacter 

Missing character: There is no . in font nullfont!

! Package inputenc Error: Unicode character –ï (U+0415)
(inputenc)                not set up for use with LaTeX.

See the inputenc package documentation for explanation.
Type  H <return>  for immediate help.
 ...                                              
                                                  
l.6 ...–ø—Ä–æ–∏–∑–≤–æ–ª—å–Ω–æ–π –ø—Ä–∏—Ä–æ–¥—ã. –ï
                                                  —Å–ª–∏ –∫–∞–∂–¥–æ–π —É–ø–æ...

You may provide a definition with
\DeclareUnicodeCharacter 


! Package inputenc Error: Unicode character —Å (U+0441)
(inputenc)                not set up for use with LaTeX.

See the inputenc package documentation for explanation.
Type  H <return>  for immediate help.
 ...                                              
                                                  
l.6 ...—Ä–æ–∏–∑–≤–æ–ª—å–Ω–æ–π –ø—Ä–∏—Ä–æ–¥—ã. –ï—Å
                                                  –ª–∏ –∫–∞–∂–¥–æ–π —É–ø–æ—Ä...

You may provide a definition with
\DeclareUnicodeCharacter 


! Package inputenc Error: Unicode character –ª (U+043B)
(inputenc)                not set up for use with LaTeX.

See the inputenc package documentation for explanation.
Type  H <return>  for immediate help.
 ...                                              
                                                  
l.6 ...–æ–∏–∑–≤–æ–ª—å–Ω–æ–π –ø—Ä–∏—Ä–æ–¥—ã. –ï—Å–ª
                                                  –∏ –∫–∞–∂–¥–æ–π —É–ø–æ—Ä—è...

You may provide a definition with
\DeclareUnicodeCharacter 


! Package inputenc Error: Unicode character –∏ (U+0438)
(inputenc)                not set up for use with LaTeX.

See the inputenc package documentation for explanation.
Type  H <return>  for immediate help.
 ...                                              
                                                  
l.6 ...–∏–∑–≤–æ–ª—å–Ω–æ–π –ø—Ä–∏—Ä–æ–¥—ã. –ï—Å–ª–∏
                                                   –∫–∞–∂–¥–æ–π —É–ø–æ—Ä—è–¥...

You may provide a definition with
\DeclareUnicodeCharacter 


! Package inputenc Error: Unicode character –∫ (U+043A)
(inputenc)                not set up for use with LaTeX.

See the inputenc package documentation for explanation.
Type  H <return>  for immediate help.
 ...                                              
                                                  
l.6 ...∑–≤–æ–ª—å–Ω–æ–π –ø—Ä–∏—Ä–æ–¥—ã. –ï—Å–ª–∏ –∫
                                                  –∞–∂–¥–æ–π —É–ø–æ—Ä—è–¥–æ—...

You may provide a definition with
\DeclareUnicodeCharacter 


! Package inputenc Error: Unicode character –∞ (U+0430)
(inputenc)                not set up for use with LaTeX.

See the inputenc package documentation for explanation.
Type  H <return>  for immediate help.
 ...                                              
                                                  
l.6 ...≤–æ–ª—å–Ω–æ–π –ø—Ä–∏—Ä–æ–¥—ã. –ï—Å–ª–∏ –∫–∞
                                                  –∂–¥–æ–π —É–ø–æ—Ä—è–¥–æ—á–...

You may provide a definition with
\DeclareUnicodeCharacter 


! Package inputenc Error: Unicode character –∂ (U+0436)
(inputenc)                not set up for use with LaTeX.

See the inputenc package documentation for explanation.
Type  H <return>  for immediate help.
 ...                                              
                                                  
l.6 ...æ–ª—å–Ω–æ–π –ø—Ä–∏—Ä–æ–¥—ã. –ï—Å–ª–∏ –∫–∞–∂
                                                  –¥–æ–π —É–ø–æ—Ä—è–¥–æ—á–µ–...

You may provide a definition with
\DeclareUnicodeCharacter 


! Package inputenc Error: Unicode character –¥ (U+0434)
(inputenc)                not set up for use with LaTeX.

See the inputenc package documentation for explanation.
Type  H <return>  for immediate help.
 ...                                              
                                                  
l.6 ...ª—å–Ω–æ–π –ø—Ä–∏—Ä–æ–¥—ã. –ï—Å–ª–∏ –∫–∞–∂–¥
                                                  –æ–π —É–ø–æ—Ä—è–¥–æ—á–µ–Ω–...

You may provide a definition with
\DeclareUnicodeCharacter 


! Package inputenc Error: Unicode character –æ (U+043E)
(inputenc)                not set up for use with LaTeX.

See the inputenc package documentation for explanation.
Type  H <return>  for immediate help.
 ...                                              
                                                  
l.6 ...å–Ω–æ–π –ø—Ä–∏—Ä–æ–¥—ã. –ï—Å–ª–∏ –∫–∞–∂–¥–æ
                                                  –π —É–ø–æ—Ä—è–¥–æ—á–µ–Ω–Ω–...

You may provide a definition with
\DeclareUnicodeCharacter 


! Package inputenc Error: Unicode character –π (U+0439)
(inputenc)                not set up for use with LaTeX.

See the inputenc package documentation for explanation.
Type  H <return>  for immediate help.
 ...                                              
                                                  
l.6 ...Ω–æ–π –ø—Ä–∏—Ä–æ–¥—ã. –ï—Å–ª–∏ –∫–∞–∂–¥–æ–π
                                                   —É–ø–æ—Ä—è–¥–æ—á–µ–Ω–Ω–æ–...

You may provide a definition with
\DeclareUnicodeCharacter 


! Package inputenc Error: Unicode character —É (U+0443)
(inputenc)                not set up for use with LaTeX.

See the inputenc package documentation for explanation.
Type  H <return>  for immediate help.
 ...                                              
                                                  
l.6 ...–π –ø—Ä–∏—Ä–æ–¥—ã. –ï—Å–ª–∏ –∫–∞–∂–¥–æ–π —É
                                                  –ø–æ—Ä—è–¥–æ—á–µ–Ω–Ω–æ–π –...

You may provide a definition with
\DeclareUnicodeCharacter 


! Package inputenc Error: Unicode character –ø (U+043F)
(inputenc)                not set up for use with LaTeX.

See the inputenc package documentation for explanation.
Type  H <return>  for immediate help.
 ...                                              
                                                  
l.6 ... –ø—Ä–∏—Ä–æ–¥—ã. –ï—Å–ª–∏ –∫–∞–∂–¥–æ–π —É–ø
                                                  –æ—Ä—è–¥–æ—á–µ–Ω–Ω–æ–π –ø–...

You may provide a definition with
\DeclareUnicodeCharacter 


! Package inputenc Error: Unicode character –æ (U+043E)
(inputenc)                not set up for use with LaTeX.

See the inputenc package documentation for explanation.
Type  H <return>  for immediate help.
 ...                                              
                                                  
l.6 ...ø—Ä–∏—Ä–æ–¥—ã. –ï—Å–ª–∏ –∫–∞–∂–¥–æ–π —É–ø–æ
                                                  —Ä—è–¥–æ—á–µ–Ω–Ω–æ–π –ø–∞—...

You may provide a definition with
\DeclareUnicodeCharacter 


! Package inputenc Error: Unicode character —Ä (U+0440)
(inputenc)                not set up for use with LaTeX.

See the inputenc package documentation for explanation.
Type  H <return>  for immediate help.
 ...                                              
                                                  
l.6 ...Ä–∏—Ä–æ–¥—ã. –ï—Å–ª–∏ –∫–∞–∂–¥–æ–π —É–ø–æ—Ä
                                                  —è–¥–æ—á–µ–Ω–Ω–æ–π –ø–∞—Ä–...

You may provide a definition with
\DeclareUnicodeCharacter 


! Package inputenc Error: Unicode character —è (U+044F)
(inputenc)                not set up for use with LaTeX.

See the inputenc package documentation for explanation.
Type  H <return>  for immediate help.
 ...                                              
                                                  
l.6 ...∏—Ä–æ–¥—ã. –ï—Å–ª–∏ –∫–∞–∂–¥–æ–π —É–ø–æ—Ä—è
                                                  –¥–æ—á–µ–Ω–Ω–æ–π –ø–∞—Ä–µ ...

You may provide a definition with
\DeclareUnicodeCharacter 


! Package inputenc Error: Unicode character –¥ (U+0434)
(inputenc)                not set up for use with LaTeX.

See the inputenc package documentation for explanation.
Type  H <return>  for immediate help.
 ...                                              
                                                  
l.6 ...Ä–æ–¥—ã. –ï—Å–ª–∏ –∫–∞–∂–¥–æ–π —É–ø–æ—Ä—è–¥
                                                  –æ—á–µ–Ω–Ω–æ–π –ø–∞—Ä–µ —ç...

You may provide a definition with
\DeclareUnicodeCharacter 


! Package inputenc Error: Unicode character –æ (U+043E)
(inputenc)                not set up for use with LaTeX.

See the inputenc package documentation for explanation.
Type  H <return>  for immediate help.
 ...                                              
                                                  
l.6 ...æ–¥—ã. –ï—Å–ª–∏ –∫–∞–∂–¥–æ–π —É–ø–æ—Ä—è–¥–æ
                                                  —á–µ–Ω–Ω–æ–π –ø–∞—Ä–µ —ç–ª...

You may provide a definition with
\DeclareUnicodeCharacter 


! Package inputenc Error: Unicode character —á (U+0447)
(inputenc)                not set up for use with LaTeX.

See the inputenc package documentation for explanation.
Type  H <return>  for immediate help.
 ...                                              
                                                  
l.6 ...¥—ã. –ï—Å–ª–∏ –∫–∞–∂–¥–æ–π —É–ø–æ—Ä—è–¥–æ—á
                                                  –µ–Ω–Ω–æ–π –ø–∞—Ä–µ —ç–ª–µ...

You may provide a definition with
\DeclareUnicodeCharacter 


! Package inputenc Error: Unicode character –µ (U+0435)
(inputenc)                not set up for use with LaTeX.

See the inputenc package documentation for explanation.
Type  H <return>  for immediate help.
 ...                                              
                                                  
l.6 ...ã. –ï—Å–ª–∏ –∫–∞–∂–¥–æ–π —É–ø–æ—Ä—è–¥–æ—á–µ
                                                  –Ω–Ω–æ–π –ø–∞—Ä–µ —ç–ª–µ–º...

You may provide a definition with
\DeclareUnicodeCharacter 


! Package inputenc Error: Unicode character –Ω (U+043D)
(inputenc)                not set up for use with LaTeX.

See the inputenc package documentation for explanation.
Type  H <return>  for immediate help.
 ...                                              
                                                  
l.6 ... –ï—Å–ª–∏ –∫–∞–∂–¥–æ–π —É–ø–æ—Ä—è–¥–æ—á–µ–Ω
                                                  –Ω–æ–π –ø–∞—Ä–µ —ç–ª–µ–º–µ...

You may provide a definition with
\DeclareUnicodeCharacter 


! Package inputenc Error: Unicode character –Ω (U+043D)
(inputenc)                not set up for use with LaTeX.

See the inputenc package documentation for explanation.
Type  H <return>  for immediate help.
 ...                                              
                                                  
l.6 ...ï—Å–ª–∏ –∫–∞–∂–¥–æ–π —É–ø–æ—Ä—è–¥–æ—á–µ–Ω–Ω
                                                  –æ–π –ø–∞—Ä–µ —ç–ª–µ–º–µ–Ω...

You may provide a definition with
\DeclareUnicodeCharacter 


! Package inputenc Error: Unicode character –æ (U+043E)
(inputenc)                not set up for use with LaTeX.

See the inputenc package documentation for explanation.
Type  H <return>  for immediate help.
 ...                                              
                                                  
l.6 ...Å–ª–∏ –∫–∞–∂–¥–æ–π —É–ø–æ—Ä—è–¥–æ—á–µ–Ω–Ω–æ
                                                  –π –ø–∞—Ä–µ —ç–ª–µ–º–µ–Ω—Ç...

You may provide a definition with
\DeclareUnicodeCharacter 


! Package inputenc Error: Unicode character –π (U+0439)
(inputenc)                not set up for use with LaTeX.

See the inputenc package documentation for explanation.
Type  H <return>  for immediate help.
 ...                                              
                                                  
l.6 ...ª–∏ –∫–∞–∂–¥–æ–π —É–ø–æ—Ä—è–¥–æ—á–µ–Ω–Ω–æ–π
                                                   –ø–∞—Ä–µ —ç–ª–µ–º–µ–Ω—Ç–æ...

You may provide a definition with
\DeclareUnicodeCharacter 


! Package inputenc Error: Unicode character –ø (U+043F)
(inputenc)                not set up for use with LaTeX.

See the inputenc package documentation for explanation.
Type  H <return>  for immediate help.
 ...                                              
                                                  
l.6 ... –∫–∞–∂–¥–æ–π —É–ø–æ—Ä—è–¥–æ—á–µ–Ω–Ω–æ–π –ø
                                                  –∞—Ä–µ —ç–ª–µ–º–µ–Ω—Ç–æ–≤ ...

You may provide a definition with
\DeclareUnicodeCharacter 


! Package inputenc Error: Unicode character –∞ (U+0430)
(inputenc)                not set up for use with LaTeX.

See the inputenc package documentation for explanation.
Type  H <return>  for immediate help.
 ...                                              
                                                  
l.6 ...∫–∞–∂–¥–æ–π —É–ø–æ—Ä—è–¥–æ—á–µ–Ω–Ω–æ–π –ø–∞
                                                  —Ä–µ —ç–ª–µ–º–µ–Ω—Ç–æ–≤ –∏...

You may provide a definition with
\DeclareUnicodeCharacter 


! Package inputenc Error: Unicode character —Ä (U+0440)
(inputenc)                not set up for use with LaTeX.

See the inputenc package documentation for explanation.
Type  H <return>  for immediate help.
 ...                                              
                                                  
l.6 ...∞–∂–¥–æ–π —É–ø–æ—Ä—è–¥–æ—á–µ–Ω–Ω–æ–π –ø–∞—Ä
                                                  –µ —ç–ª–µ–º–µ–Ω—Ç–æ–≤ –∏–∑...

You may provide a definition with
\DeclareUnicodeCharacter 


! Package inputenc Error: Unicode character –µ (U+0435)
(inputenc)                not set up for use with LaTeX.

See the inputenc package documentation for explanation.
Type  H <return>  for immediate help.
 ...                                              
                                                  
l.6 ...∂–¥–æ–π —É–ø–æ—Ä—è–¥–æ—á–µ–Ω–Ω–æ–π –ø–∞—Ä–µ
                                                   —ç–ª–µ–º–µ–Ω—Ç–æ–≤ –∏–∑ $...

You may provide a definition with
\DeclareUnicodeCharacter 


! Package inputenc Error: Unicode character —ç (U+044D)
(inputenc)                not set up for use with LaTeX.

See the inputenc package documentation for explanation.
Type  H <return>  for immediate help.
 ...                                              
                                                  
l.6 ...–æ–π —É–ø–æ—Ä—è–¥–æ—á–µ–Ω–Ω–æ–π –ø–∞—Ä–µ —ç
                                                  –ª–µ–º–µ–Ω—Ç–æ–≤ –∏–∑ $M$ ...

You may provide a definition with
\DeclareUnicodeCharacter 


! Package inputenc Error: Unicode character –ª (U+043B)
(inputenc)                not set up for use with LaTeX.

See the inputenc package documentation for explanation.
Type  H <return>  for immediate help.
 ...                                              
                                                  
l.6 ...–π —É–ø–æ—Ä—è–¥–æ—á–µ–Ω–Ω–æ–π –ø–∞—Ä–µ —ç–ª
                                                  –µ–º–µ–Ω—Ç–æ–≤ –∏–∑ $M$ –ø...

You may provide a definition with
\DeclareUnicodeCharacter 


! Package inputenc Error: Unicode character –µ (U+0435)
(inputenc)                not set up for use with LaTeX.

See the inputenc package documentation for explanation.
Type  H <return>  for immediate help.
 ...                                              
                                                  
l.6 ... —É–ø–æ—Ä—è–¥–æ—á–µ–Ω–Ω–æ–π –ø–∞—Ä–µ —ç–ª–µ
                                                  –º–µ–Ω—Ç–æ–≤ –∏–∑ $M$ –ø–æ...

You may provide a definition with
\DeclareUnicodeCharacter 


! Package inputenc Error: Unicode character –º (U+043C)
(inputenc)                not set up for use with LaTeX.

See the inputenc package documentation for explanation.
Type  H <return>  for immediate help.
 ...                                              
                                                  
l.6 ...É–ø–æ—Ä—è–¥–æ—á–µ–Ω–Ω–æ–π –ø–∞—Ä–µ —ç–ª–µ–º
                                                  –µ–Ω—Ç–æ–≤ –∏–∑ $M$ –ø–æ—Å...

You may provide a definition with
\DeclareUnicodeCharacter 


! Package inputenc Error: Unicode character –µ (U+0435)
(inputenc)                not set up for use with LaTeX.

See the inputenc package documentation for explanation.
Type  H <return>  for immediate help.
 ...                                              
                                                  
l.6 ...ø–æ—Ä—è–¥–æ—á–µ–Ω–Ω–æ–π –ø–∞—Ä–µ —ç–ª–µ–º–µ
                                                  –Ω—Ç–æ–≤ –∏–∑ $M$ –ø–æ—Å—Ç...
(That makes 100 errors; please try again.) 
Here is how much of TeX's memory you used:
 51 strings out of 480608
 760 string characters out of 5903630
 239610 words of memory out of 5000000
 16042 multiletter control sequences out of 15000+600000
 532646 words of font info for 25 fonts, out of 8000000 for 9000
 1141 hyphenation exceptions out of 8191
 18i,2n,23p,460b,92s stack positions out of 5000i,500n,10000p,200000b,80000s

!  ==> Fatal error occurred, no output PDF file produced!
